<?xml version="1.0" encoding="UTF-8"?>
<!-- Generated by org.testng.reporters.JUnitXMLReporter -->
<testsuite ignored="0" hostname="LTIN514801" failures="0" tests="30" name="chromeTest" time="12.286" errors="0" timestamp="2024-08-01T13:22:52 IST">
  <testcase classname="BaseClass.Driver" name="@BeforeClass setup" time="11.533">
    <failure type="org.openqa.selenium.SessionNotCreatedException" message="Could not start a new session. Response code 500. Message: session not created: This version of ChromeDriver only supports Chrome version 122
Current browser version is 125.0.6422.142 with binary path C:\Program Files\Google\Chrome\Application\chrome.exe 
Host info: host: &amp;apos;LTIN514801&amp;apos;, ip: &amp;apos;10.88.49.175&amp;apos;
Build info: version: &amp;apos;4.17.0&amp;apos;, revision: &amp;apos;e52b1be057*&amp;apos;
System info: os.name: &amp;apos;Windows 11&amp;apos;, os.arch: &amp;apos;amd64&amp;apos;, os.version: &amp;apos;10.0&amp;apos;, java.version: &amp;apos;17.0.7&amp;apos;
Driver info: org.openqa.selenium.chrome.ChromeDriver
Command: [null, newSession {capabilities=[Capabilities {browserName: chrome, goog:chromeOptions: {args: [], binary: C:\Program Files\Google\Chr..., extensions: []}}]}]">
      <![CDATA[org.openqa.selenium.SessionNotCreatedException: Could not start a new session. Response code 500. Message: session not created: This version of ChromeDriver only supports Chrome version 122
Current browser version is 125.0.6422.142 with binary path C:\Program Files\Google\Chrome\Application\chrome.exe 
Host info: host: 'LTIN514801', ip: '10.88.49.175'
Build info: version: '4.17.0', revision: 'e52b1be057*'
System info: os.name: 'Windows 11', os.arch: 'amd64', os.version: '10.0', java.version: '17.0.7'
Driver info: org.openqa.selenium.chrome.ChromeDriver
Command: [null, newSession {capabilities=[Capabilities {browserName: chrome, goog:chromeOptions: {args: [], binary: C:\Program Files\Google\Chr..., extensions: []}}]}]
at org.openqa.selenium.remote.ProtocolHandshake.createSession(ProtocolHandshake.java:139)
at org.openqa.selenium.remote.ProtocolHandshake.createSession(ProtocolHandshake.java:95)
at org.openqa.selenium.remote.ProtocolHandshake.createSession(ProtocolHandshake.java:67)
at org.openqa.selenium.remote.HttpCommandExecutor.execute(HttpCommandExecutor.java:162)
at org.openqa.selenium.remote.service.DriverCommandExecutor.invokeExecute(DriverCommandExecutor.java:216)
at org.openqa.selenium.remote.service.DriverCommandExecutor.execute(DriverCommandExecutor.java:174)
at org.openqa.selenium.remote.RemoteWebDriver.execute(RemoteWebDriver.java:519)
at org.openqa.selenium.remote.RemoteWebDriver.startSession(RemoteWebDriver.java:233)
at org.openqa.selenium.remote.RemoteWebDriver.<init>(RemoteWebDriver.java:162)
at org.openqa.selenium.chromium.ChromiumDriver.<init>(ChromiumDriver.java:114)
at org.openqa.selenium.chrome.ChromeDriver.<init>(ChromeDriver.java:89)
at org.openqa.selenium.chrome.ChromeDriver.<init>(ChromeDriver.java:84)
at org.openqa.selenium.chrome.ChromeDriver.<init>(ChromeDriver.java:52)
at BaseClass.Driver.setup(Driver.java:89)
at java.base/java.util.ArrayList.forEach(ArrayList.java:1511)
... Removed 29 stack frames]]>
    </failure>
  </testcase> <!-- @BeforeClass setup -->
  <testcase classname="BaseClass.Driver" name="@AfterClass tearDown" time="0.0">
    <skipped/>
  </testcase> <!-- @AfterClass tearDown -->
  <testcase classname="TestCases.Combined" name="Car_Loan" time="0.0">
    <skipped/>
  </testcase> <!-- Car_Loan -->
  <testcase classname="TestCases.Combined" name="Principal" time="0.0">
    <skipped/>
  </testcase> <!-- Principal -->
  <testcase classname="TestCases.Combined" name="Interest" time="0.0">
    <skipped/>
  </testcase> <!-- Interest -->
  <testcase classname="TestCases.Combined" name="Loan_Tenure" time="0.0">
    <skipped/>
  </testcase> <!-- Loan_Tenure -->
  <testcase classname="TestCases.Combined" name="Months_details" time="0.0">
    <skipped/>
  </testcase> <!-- Months_details -->
  <testcase classname="TestCases.Combined" name="output" time="0.0">
    <skipped/>
  </testcase> <!-- output -->
  <testcase classname="TestCases.Combined" name="menu" time="0.0">
    <skipped/>
  </testcase> <!-- menu -->
  <testcase classname="TestCases.Combined" name="Home_Loan" time="0.0">
    <skipped/>
  </testcase> <!-- Home_Loan -->
  <testcase classname="TestCases.Combined" name="Home_Loan_Value" time="0.0">
    <skipped/>
  </testcase> <!-- Home_Loan_Value -->
  <testcase classname="TestCases.Combined" name="Year_Wise_Print" time="0.0">
    <skipped/>
  </testcase> <!-- Year_Wise_Print -->
  <testcase classname="TestCases.Combined" name="Writing_Excel" time="0.0">
    <skipped/>
  </testcase> <!-- Writing_Excel -->
  <testcase classname="TestCases.Combined" name="Menu_" time="0.0">
    <skipped/>
  </testcase> <!-- Menu_ -->
  <testcase classname="TestCases.Combined" name="LoancalculatorClick" time="0.0">
    <skipped/>
  </testcase> <!-- LoancalculatorClick -->
  <testcase classname="TestCases.Combined" name="EMICalculatorTextValidating" time="0.0">
    <skipped/>
  </testcase> <!-- EMICalculatorTextValidating -->
  <testcase classname="TestCases.Combined" name="EMICalculatorTextBoxValidating" time="0.0">
    <skipped/>
  </testcase> <!-- EMICalculatorTextBoxValidating -->
  <testcase classname="TestCases.Combined" name="YearToMonthCalculation" time="0.0">
    <skipped/>
  </testcase> <!-- YearToMonthCalculation -->
  <testcase classname="TestCases.Combined" name="EMICalculatorSliderValidating" time="0.0">
    <skipped/>
  </testcase> <!-- EMICalculatorSliderValidating -->
  <testcase classname="TestCases.Combined" name="Menu_click" time="0.0">
    <skipped/>
  </testcase> <!-- Menu_click -->
  <testcase classname="TestCases.Combined" name="LoanCalculatorclick" time="0.0">
    <skipped/>
  </testcase> <!-- LoanCalculatorclick -->
  <testcase classname="TestCases.Combined" name="Loan_Amount_Calculator_Click" time="0.0">
    <skipped/>
  </testcase> <!-- Loan_Amount_Calculator_Click -->
  <testcase classname="TestCases.Combined" name="LoanAmountCalculatorTextValidating" time="0.0">
    <skipped/>
  </testcase> <!-- LoanAmountCalculatorTextValidating -->
  <testcase classname="TestCases.Combined" name="LoanAmountCalculatorTextBoxValidating" time="0.0">
    <skipped/>
  </testcase> <!-- LoanAmountCalculatorTextBoxValidating -->
  <testcase classname="TestCases.Combined" name="LoanamountYearToMonth" time="0.0">
    <skipped/>
  </testcase> <!-- LoanamountYearToMonth -->
  <testcase classname="TestCases.Combined" name="LoanAmountCalculatorSliderValidating" time="0.0">
    <skipped/>
  </testcase> <!-- LoanAmountCalculatorSliderValidating -->
  <testcase classname="TestCases.Combined" name="Menu" time="0.0">
    <skipped/>
  </testcase> <!-- Menu -->
  <testcase classname="TestCases.Combined" name="LoanCalculatorClick" time="0.0">
    <skipped/>
  </testcase> <!-- LoanCalculatorClick -->
  <testcase classname="TestCases.Combined" name="Loan_Tenure_Calculator_Click" time="0.0">
    <skipped/>
  </testcase> <!-- Loan_Tenure_Calculator_Click -->
  <testcase classname="TestCases.Combined" name="Loan_Tenure_Calculator_TextValidation" time="0.0">
    <skipped/>
  </testcase> <!-- Loan_Tenure_Calculator_TextValidation -->
  <testcase classname="TestCases.Combined" name="Loan_Tenure_Calculator_TextBox_Validation" time="0.0">
    <skipped/>
  </testcase> <!-- Loan_Tenure_Calculator_TextBox_Validation -->
  <testcase classname="TestCases.Combined" name="Loan_Tenure_Calculator_Slider_Validation" time="0.0">
    <skipped/>
  </testcase> <!-- Loan_Tenure_Calculator_Slider_Validation -->
</testsuite> <!-- chromeTest -->
