<?xml version="1.0" encoding="UTF-8"?>
<!-- Generated by org.testng.reporters.JUnitReportReporter -->
<testsuite hostname="LTIN514801" failures="0" tests="31" name="TestCases.Combined" time="11.533" errors="1" timestamp="2024-08-01T13:22:53 IST" skipped="30">
  <testcase classname="TestCases.Combined" name="setup" time="11.533">
    <error message="Could not start a new session. Response code 500. Message: session not created: This version of ChromeDriver only supports Chrome version 122
Current browser version is 125.0.6422.142 with binary path C:\Program Files\Google\Chrome\Application\chrome.exe 
Host info: host: &#039;LTIN514801&#039;, ip: &#039;10.88.49.175&#039;
Build info: version: &#039;4.17.0&#039;, revision: &#039;e52b1be057*&#039;
System info: os.name: &#039;Windows 11&#039;, os.arch: &#039;amd64&#039;, os.version: &#039;10.0&#039;, java.version: &#039;17.0.7&#039;
Driver info: org.openqa.selenium.chrome.ChromeDriver
Command: [null, newSession {capabilities=[Capabilities {browserName: chrome, goog:chromeOptions: {args: [], binary: C:\Program Files\Google\Chr..., extensions: []}}]}]" type="org.openqa.selenium.SessionNotCreatedException">
      <![CDATA[org.openqa.selenium.SessionNotCreatedException: Could not start a new session. Response code 500. Message: session not created: This version of ChromeDriver only supports Chrome version 122
Current browser version is 125.0.6422.142 with binary path C:\Program Files\Google\Chrome\Application\chrome.exe 
Host info: host: 'LTIN514801', ip: '10.88.49.175'
Build info: version: '4.17.0', revision: 'e52b1be057*'
System info: os.name: 'Windows 11', os.arch: 'amd64', os.version: '10.0', java.version: '17.0.7'
Driver info: org.openqa.selenium.chrome.ChromeDriver
Command: [null, newSession {capabilities=[Capabilities {browserName: chrome, goog:chromeOptions: {args: [], binary: C:\Program Files\Google\Chr..., extensions: []}}]}]
at org.openqa.selenium.remote.ProtocolHandshake.createSession(ProtocolHandshake.java:139)
at org.openqa.selenium.remote.ProtocolHandshake.createSession(ProtocolHandshake.java:95)
at org.openqa.selenium.remote.ProtocolHandshake.createSession(ProtocolHandshake.java:67)
at org.openqa.selenium.remote.HttpCommandExecutor.execute(HttpCommandExecutor.java:162)
at org.openqa.selenium.remote.service.DriverCommandExecutor.invokeExecute(DriverCommandExecutor.java:216)
at org.openqa.selenium.remote.service.DriverCommandExecutor.execute(DriverCommandExecutor.java:174)
at org.openqa.selenium.remote.RemoteWebDriver.execute(RemoteWebDriver.java:519)
at org.openqa.selenium.remote.RemoteWebDriver.startSession(RemoteWebDriver.java:233)
at org.openqa.selenium.remote.RemoteWebDriver.<init>(RemoteWebDriver.java:162)
at org.openqa.selenium.chromium.ChromiumDriver.<init>(ChromiumDriver.java:114)
at org.openqa.selenium.chrome.ChromeDriver.<init>(ChromeDriver.java:89)
at org.openqa.selenium.chrome.ChromeDriver.<init>(ChromeDriver.java:84)
at org.openqa.selenium.chrome.ChromeDriver.<init>(ChromeDriver.java:52)
at BaseClass.Driver.setup(Driver.java:89)
at java.base/jdk.internal.reflect.NativeMethodAccessorImpl.invoke0(Native Method)
at java.base/jdk.internal.reflect.NativeMethodAccessorImpl.invoke(NativeMethodAccessorImpl.java:77)
at java.base/jdk.internal.reflect.DelegatingMethodAccessorImpl.invoke(DelegatingMethodAccessorImpl.java:43)
at java.base/java.lang.reflect.Method.invoke(Method.java:568)
at org.testng.internal.invokers.MethodInvocationHelper.invokeMethod(MethodInvocationHelper.java:139)
at org.testng.internal.invokers.MethodInvocationHelper.invokeMethodConsideringTimeout(MethodInvocationHelper.java:69)
at org.testng.internal.invokers.ConfigInvoker.invokeConfigurationMethod(ConfigInvoker.java:393)
at org.testng.internal.invokers.ConfigInvoker.invokeConfigurations(ConfigInvoker.java:326)
at org.testng.internal.invokers.TestMethodWorker.invokeBeforeClassMethods(TestMethodWorker.java:180)
at org.testng.internal.invokers.TestMethodWorker.run(TestMethodWorker.java:122)
at java.base/java.util.ArrayList.forEach(ArrayList.java:1511)
at org.testng.TestRunner.privateRun(TestRunner.java:819)
at org.testng.TestRunner.run(TestRunner.java:619)
at org.testng.SuiteRunner.runTest(SuiteRunner.java:443)
at org.testng.SuiteRunner.runSequentially(SuiteRunner.java:437)
at org.testng.SuiteRunner.privateRun(SuiteRunner.java:397)
at org.testng.SuiteRunner.run(SuiteRunner.java:336)
at org.testng.SuiteRunnerWorker.runSuite(SuiteRunnerWorker.java:52)
at org.testng.SuiteRunnerWorker.run(SuiteRunnerWorker.java:95)
at org.testng.TestNG.runSuitesSequentially(TestNG.java:1301)
at org.testng.TestNG.runSuitesLocally(TestNG.java:1228)
at org.testng.TestNG.runSuites(TestNG.java:1134)
at org.testng.TestNG.run(TestNG.java:1101)
at org.apache.maven.surefire.testng.TestNGExecutor.run(TestNGExecutor.java:308)
at org.apache.maven.surefire.testng.TestNGXmlTestSuite.execute(TestNGXmlTestSuite.java:71)
at org.apache.maven.surefire.testng.TestNGProvider.invoke(TestNGProvider.java:113)
at org.apache.maven.surefire.booter.ForkedBooter.runSuitesInProcess(ForkedBooter.java:385)
at org.apache.maven.surefire.booter.ForkedBooter.execute(ForkedBooter.java:162)
at org.apache.maven.surefire.booter.ForkedBooter.run(ForkedBooter.java:507)
at org.apache.maven.surefire.booter.ForkedBooter.main(ForkedBooter.java:495)
]]>
    </error>
  </testcase> <!-- setup -->
  <testcase classname="TestCases.Combined" name="Car_Loan" time="0.000">
    <skipped/>
  </testcase> <!-- Car_Loan -->
  <testcase classname="TestCases.Combined" name="Principal" time="0.000">
    <skipped/>
  </testcase> <!-- Principal -->
  <testcase classname="TestCases.Combined" name="Interest" time="0.000">
    <skipped/>
  </testcase> <!-- Interest -->
  <testcase classname="TestCases.Combined" name="Loan_Tenure" time="0.000">
    <skipped/>
  </testcase> <!-- Loan_Tenure -->
  <testcase classname="TestCases.Combined" name="Months_details" time="0.000">
    <skipped/>
  </testcase> <!-- Months_details -->
  <testcase classname="TestCases.Combined" name="output" time="0.000">
    <skipped/>
  </testcase> <!-- output -->
  <testcase classname="TestCases.Combined" name="menu" time="0.000">
    <skipped/>
  </testcase> <!-- menu -->
  <testcase classname="TestCases.Combined" name="Home_Loan" time="0.000">
    <skipped/>
  </testcase> <!-- Home_Loan -->
  <testcase classname="TestCases.Combined" name="Home_Loan_Value" time="0.000">
    <skipped/>
  </testcase> <!-- Home_Loan_Value -->
  <testcase classname="TestCases.Combined" name="Year_Wise_Print" time="0.000">
    <skipped/>
  </testcase> <!-- Year_Wise_Print -->
  <testcase classname="TestCases.Combined" name="Writing_Excel" time="0.000">
    <skipped/>
  </testcase> <!-- Writing_Excel -->
  <testcase classname="TestCases.Combined" name="Menu_" time="0.000">
    <skipped/>
  </testcase> <!-- Menu_ -->
  <testcase classname="TestCases.Combined" name="LoancalculatorClick" time="0.000">
    <skipped/>
  </testcase> <!-- LoancalculatorClick -->
  <testcase classname="TestCases.Combined" name="EMICalculatorTextValidating" time="0.000">
    <skipped/>
  </testcase> <!-- EMICalculatorTextValidating -->
  <testcase classname="TestCases.Combined" name="EMICalculatorTextBoxValidating" time="0.000">
    <skipped/>
  </testcase> <!-- EMICalculatorTextBoxValidating -->
  <testcase classname="TestCases.Combined" name="YearToMonthCalculation" time="0.000">
    <skipped/>
  </testcase> <!-- YearToMonthCalculation -->
  <testcase classname="TestCases.Combined" name="EMICalculatorSliderValidating" time="0.000">
    <skipped/>
  </testcase> <!-- EMICalculatorSliderValidating -->
  <testcase classname="TestCases.Combined" name="Menu_click" time="0.000">
    <skipped/>
  </testcase> <!-- Menu_click -->
  <testcase classname="TestCases.Combined" name="LoanCalculatorclick" time="0.000">
    <skipped/>
  </testcase> <!-- LoanCalculatorclick -->
  <testcase classname="TestCases.Combined" name="Loan_Amount_Calculator_Click" time="0.000">
    <skipped/>
  </testcase> <!-- Loan_Amount_Calculator_Click -->
  <testcase classname="TestCases.Combined" name="LoanAmountCalculatorTextValidating" time="0.000">
    <skipped/>
  </testcase> <!-- LoanAmountCalculatorTextValidating -->
  <testcase classname="TestCases.Combined" name="LoanAmountCalculatorTextBoxValidating" time="0.000">
    <skipped/>
  </testcase> <!-- LoanAmountCalculatorTextBoxValidating -->
  <testcase classname="TestCases.Combined" name="LoanamountYearToMonth" time="0.000">
    <skipped/>
  </testcase> <!-- LoanamountYearToMonth -->
  <testcase classname="TestCases.Combined" name="LoanAmountCalculatorSliderValidating" time="0.000">
    <skipped/>
  </testcase> <!-- LoanAmountCalculatorSliderValidating -->
  <testcase classname="TestCases.Combined" name="Menu" time="0.000">
    <skipped/>
  </testcase> <!-- Menu -->
  <testcase classname="TestCases.Combined" name="LoanCalculatorClick" time="0.000">
    <skipped/>
  </testcase> <!-- LoanCalculatorClick -->
  <testcase classname="TestCases.Combined" name="Loan_Tenure_Calculator_Click" time="0.000">
    <skipped/>
  </testcase> <!-- Loan_Tenure_Calculator_Click -->
  <testcase classname="TestCases.Combined" name="Loan_Tenure_Calculator_TextValidation" time="0.000">
    <skipped/>
  </testcase> <!-- Loan_Tenure_Calculator_TextValidation -->
  <testcase classname="TestCases.Combined" name="Loan_Tenure_Calculator_TextBox_Validation" time="0.000">
    <skipped/>
  </testcase> <!-- Loan_Tenure_Calculator_TextBox_Validation -->
  <testcase classname="TestCases.Combined" name="Loan_Tenure_Calculator_Slider_Validation" time="0.000">
    <skipped/>
  </testcase> <!-- Loan_Tenure_Calculator_Slider_Validation -->
</testsuite> <!-- TestCases.Combined -->
